0 info it worked if it ends with ok
1 verbose cli [ '/Users/bromeostasis/.nvm/versions/node/v5.5.0/bin/node',
1 verbose cli   '/Users/bromeostasis/.nvm/versions/node/v5.5.0/bin/npm',
1 verbose cli   'start' ]
2 info using npm@3.3.12
3 info using node@v5.5.0
4 verbose run-script [ 'prestart', 'start', 'poststart' ]
5 info lifecycle emojiphone@0.0.0~prestart: emojiphone@0.0.0
6 silly lifecycle emojiphone@0.0.0~prestart: no script for prestart, continuing
7 info lifecycle emojiphone@0.0.0~start: emojiphone@0.0.0
8 verbose lifecycle emojiphone@0.0.0~start: unsafe-perm in lifecycle true
9 verbose lifecycle emojiphone@0.0.0~start: PATH: /Users/bromeostasis/.nvm/versions/node/v5.5.0/lib/node_modules/npm/bin/node-gyp-bin:/Users/bromeostasis/Documents/personal/emojiphone/node_modules/.bin:/Users/bromeostasis/.ebcli-virtual-env/executables:/Library/Frameworks/Python.framework/Versions/3.7/bin:/Library/Frameworks/Python.framework/Versions/3.6/bin:/Users/bromeostasis/.rvm/gems/ruby-2.0.0-p648/bin:/Users/bromeostasis/.rvm/gems/ruby-2.0.0-p648@global/bin:/Users/bromeostasis/.rvm/rubies/ruby-2.0.0-p648/bin:/Users/bromeostasis/.nvm/versions/node/v5.5.0/bin:/usr/local/bin:/usr/bin:/bin:/usr/sbin:/sbin:/Users/bromeostasis/Library/Android/sdk/tools:/Users/bromeostasis/Library/Android/sdk/platform-tools:/Users/bromeostasis/Library/Android/sdk/build-tools/27.0.1:/Applications/Android Studio.app/Contents/gradle/gradle-4.1/bin:/Applications/Xcode.app/Contents/Applications/Application Loader.app/Contents/Frameworks/ITunesSoftwareService.framework/Support:/Library/PostgreSQL/10/bin/:/usr/local/mysql/bin:/Users/bromeostasis/Library/Python/3.6/bin/:/Users/bromeostasis/.rvm/bin
10 verbose lifecycle emojiphone@0.0.0~start: CWD: /Users/bromeostasis/Documents/personal/emojiphone
11 silly lifecycle emojiphone@0.0.0~start: Args: [ '-c', 'node ./bin/www' ]
12 silly lifecycle emojiphone@0.0.0~start: Returned: code: 1  signal: null
13 info lifecycle emojiphone@0.0.0~start: Failed to exec start script
14 verbose stack Error: emojiphone@0.0.0 start: `node ./bin/www`
14 verbose stack Exit status 1
14 verbose stack     at EventEmitter.<anonymous> (/Users/bromeostasis/.nvm/versions/node/v5.5.0/lib/node_modules/npm/lib/utils/lifecycle.js:232:16)
14 verbose stack     at emitTwo (events.js:100:13)
14 verbose stack     at EventEmitter.emit (events.js:185:7)
14 verbose stack     at ChildProcess.<anonymous> (/Users/bromeostasis/.nvm/versions/node/v5.5.0/lib/node_modules/npm/lib/utils/spawn.js:24:14)
14 verbose stack     at emitTwo (events.js:100:13)
14 verbose stack     at ChildProcess.emit (events.js:185:7)
14 verbose stack     at maybeClose (internal/child_process.js:821:16)
14 verbose stack     at Process.ChildProcess._handle.onexit (internal/child_process.js:211:5)
15 verbose pkgid emojiphone@0.0.0
16 verbose cwd /Users/bromeostasis/Documents/personal/emojiphone
17 error Darwin 18.5.0
18 error argv "/Users/bromeostasis/.nvm/versions/node/v5.5.0/bin/node" "/Users/bromeostasis/.nvm/versions/node/v5.5.0/bin/npm" "start"
19 error node v5.5.0
20 error npm  v3.3.12
21 error code ELIFECYCLE
22 error emojiphone@0.0.0 start: `node ./bin/www`
22 error Exit status 1
23 error Failed at the emojiphone@0.0.0 start script 'node ./bin/www'.
23 error Make sure you have the latest version of node.js and npm installed.
23 error If you do, this is most likely a problem with the emojiphone package,
23 error not with npm itself.
23 error Tell the author that this fails on your system:
23 error     node ./bin/www
23 error You can get their info via:
23 error     npm owner ls emojiphone
23 error There is likely additional logging output above.
24 verbose exit [ 1, true ]
